--------------- Clean Started: 10/10/2016 20:17:02 Project: BLE Lab 3, Configuration: ARM GCC 4.8.4 Debug ---------------
Deleting file ".\CortexM0\ARM_GCC_484\Debug\main.o"
Deleting file ".\CortexM0\ARM_GCC_484\Debug\HeartRateProcessing.o"
Deleting file ".\CortexM0\ARM_GCC_484\Debug\BleProcessing.o"
Deleting file ".\CortexM0\ARM_GCC_484\Debug\WatchdogTimer.o"
Deleting file ".\CortexM0\ARM_GCC_484\Debug\cyfitter_cfg.o"
Deleting file ".\CortexM0\ARM_GCC_484\Debug\cymetadata.o"
Deleting file ".\CortexM0\ARM_GCC_484\Debug\Heart_Rate_input.o"
Deleting file ".\CortexM0\ARM_GCC_484\Debug\SW2_Switch.o"
Deleting file ".\CortexM0\ARM_GCC_484\Debug\Button_output.o"
Deleting file ".\CortexM0\ARM_GCC_484\Debug\Wakeup_ISR.o"
Deleting file ".\CortexM0\ARM_GCC_484\Debug\Led_Advertising_Green.o"
Deleting file ".\CortexM0\ARM_GCC_484\Debug\Led_Connected_Blue.o"
Deleting file ".\CortexM0\ARM_GCC_484\Debug\BLE_1_hrs.o"
Deleting file ".\CortexM0\ARM_GCC_484\Debug\BLE_1.o"
Deleting file ".\CortexM0\ARM_GCC_484\Debug\BLE_1_gatt.o"
Deleting file ".\CortexM0\ARM_GCC_484\Debug\BLE_1_eventHandler.o"
Deleting file ".\CortexM0\ARM_GCC_484\Debug\BLE_1_HAL_INT.o"
Deleting file ".\CortexM0\ARM_GCC_484\Debug\BLE_1_HAL_PVT.o"
Deleting file ".\CortexM0\ARM_GCC_484\Debug\BLE_1_dis.o"
Deleting file ".\CortexM0\ARM_GCC_484\Debug\ADC.o"
Deleting file ".\CortexM0\ARM_GCC_484\Debug\ADC_PM.o"
Deleting file ".\CortexM0\ARM_GCC_484\Debug\ADC_INT.o"
Deleting file ".\CortexM0\ARM_GCC_484\Debug\BLE_1_bless_isr.o"
Deleting file ".\CortexM0\ARM_GCC_484\Debug\ADC_IRQ.o"
Deleting file ".\CortexM0\ARM_GCC_484\Debug\ADC_intClock.o"
Deleting file ".\CortexM0\ARM_GCC_484\Debug\Cm0Start.o"
Deleting file ".\CortexM0\ARM_GCC_484\Debug\CyBootAsmGnu.o"
Deleting file ".\CortexM0\ARM_GCC_484\Debug\CyFlash.o"
Deleting file ".\CortexM0\ARM_GCC_484\Debug\CyLib.o"
Deleting file ".\CortexM0\ARM_GCC_484\Debug\cyPm.o"
Deleting file ".\CortexM0\ARM_GCC_484\Debug\cyutils.o"
Deleting file ".\CortexM0\ARM_GCC_484\Debug\Opamp.o"
Deleting file ".\CortexM0\ARM_GCC_484\Debug\Opamp_PM.o"
Deleting file ".\CortexM0\ARM_GCC_484\Debug\BLE Lab 3.hex"
Deleting file ".\CortexM0\ARM_GCC_484\Debug\BLE Lab 3.elf"
Deleting file ".\CortexM0\ARM_GCC_484\Debug\BLE Lab 3.map"
Deleting file ".\BLE Lab 3.cycdx"
Deleting file ".\BLE Lab 3.svd"
Deleting file ".\BLE Lab 3.rpt"
Deleting file ".\BLE Lab 3_timing.html"
Deleting file ".\CortexM0\ARM_GCC_484\Debug\.deps\C_FILE.P"
Deleting file ".\CortexM0\ARM_GCC_484\Debug\.deps\ARM_C_FILE.P"
Deleting file ".\CortexM0\ARM_GCC_484\Debug\.deps\GNU_ARM_ASM_FILE.P"
--------------- Clean Succeeded: 10/10/2016 20:17:03 ---------------
